/home/dawson.z/.conda/envs/zbotenv/lib/python3.7/site-packages/sklearn/utils/deprecation.py:143: FutureWarning: The sklearn.ensemble.forest module is  deprecated in version 0.22 and will be removed in version 0.24. The corresponding classes / functions should instead be imported from sklearn.ensemble. Anything that cannot be imported from sklearn.ensemble is now part of the private API.
  warnings.warn(message, FutureWarning)
/home/dawson.z/.conda/envs/zbotenv/lib/python3.7/site-packages/sklearn/utils/deprecation.py:143: FutureWarning: The sklearn.tree.tree module is  deprecated in version 0.22 and will be removed in version 0.24. The corresponding classes / functions should instead be imported from sklearn.tree. Anything that cannot be imported from sklearn.tree is now part of the private API.
  warnings.warn(message, FutureWarning)
/home/dawson.z/.conda/envs/zbotenv/lib/python3.7/site-packages/sklearn/base.py:334: UserWarning: Trying to unpickle estimator DecisionTreeClassifier from version 0.21.3 when using version 0.23.2. This might lead to breaking code or invalid results. Use at your own risk.
  UserWarning)
/home/dawson.z/.conda/envs/zbotenv/lib/python3.7/site-packages/sklearn/base.py:334: UserWarning: Trying to unpickle estimator RandomForestClassifier from version 0.21.3 when using version 0.23.2. This might lead to breaking code or invalid results. Use at your own risk.
  UserWarning)
/home/dawson.z/.conda/envs/zbotenv/lib/python3.7/site-packages/sklearn/utils/deprecation.py:143: FutureWarning: The sklearn.metrics.scorer module is  deprecated in version 0.22 and will be removed in version 0.24. The corresponding classes / functions should instead be imported from sklearn.metrics. Anything that cannot be imported from sklearn.metrics is now part of the private API.
  warnings.warn(message, FutureWarning)
/home/dawson.z/.conda/envs/zbotenv/lib/python3.7/site-packages/sklearn/base.py:334: UserWarning: Trying to unpickle estimator GridSearchCV from version 0.21.3 when using version 0.23.2. This might lead to breaking code or invalid results. Use at your own risk.
  UserWarning)

----------------------------------------
  timestep     |  0
  reward       |  0.0975
----------------------------------------

----------------------------------------
  timestep     |  10
  reward       |  0.088
----------------------------------------

----------------------------------------
  timestep     |  20
  reward       |  0.109
----------------------------------------

----------------------------------------
  timestep     |  30
  reward       |  0.073
----------------------------------------

----------------------------------------
  timestep     |  40
  reward       |  0.0715
----------------------------------------

----------------------------------------
  timestep     |  50
  reward       |  0.157
----------------------------------------

----------------------------------------
  timestep     |  60
  reward       |  0.057
----------------------------------------

----------------------------------------
  timestep     |  70
  reward       |  0.082
----------------------------------------

----------------------------------------
  timestep     |  80
  reward       |  0.085
----------------------------------------

----------------------------------------
  timestep     |  90
  reward       |  0.039
----------------------------------------

----------------------------------------
  timestep     |  100
  reward       |  0.033
----------------------------------------

----------------------------------------
  timestep     |  110
  reward       |  0.0255
----------------------------------------

----------------------------------------
  timestep     |  120
  reward       |  0.0655
----------------------------------------

----------------------------------------
  timestep     |  130
  reward       |  0.0295
----------------------------------------

----------------------------------------
  timestep     |  140
  reward       |  0.1635
----------------------------------------

----------------------------------------
  timestep     |  150
  reward       |  0.046
----------------------------------------

----------------------------------------
  timestep     |  160
  reward       |  0.057
----------------------------------------

----------------------------------------
  timestep     |  170
  reward       |  0.0375
----------------------------------------

----------------------------------------
  timestep     |  180
  reward       |  0.186
----------------------------------------

----------------------------------------
  timestep     |  190
  reward       |  0.1155
----------------------------------------

----------------------------------------
  timestep     |  200
  reward       |  0.0755
----------------------------------------

----------------------------------------
  timestep     |  210
  reward       |  0.034
----------------------------------------

----------------------------------------
  timestep     |  220
  reward       |  0.056
----------------------------------------

----------------------------------------
  timestep     |  230
  reward       |  0.1045
----------------------------------------

----------------------------------------
  timestep     |  240
  reward       |  0.1235
----------------------------------------
quarter/performance.csv
